<?xml version="1.0" encoding="UTF-8"?>
<testng-results ignored="0" total="1" passed="1" failed="0" skipped="0">
  <reporter-output>
  </reporter-output>
  <suite started-at="2023-05-08T15:58:19 IST" name="Default suite" finished-at="2023-05-08T15:58:22 IST" duration-ms="2903">
    <groups>
    </groups>
    <test started-at="2023-05-08T15:58:19 IST" name="Default test" finished-at="2023-05-08T15:58:22 IST" duration-ms="2903">
      <class name="crudoperationswithoutBDD.createproj">
        <test-method signature="create()[pri:0, instance:crudoperationswithoutBDD.createproj@33990a0c]" started-at="2023-05-08T15:58:19 IST" name="create" finished-at="2023-05-08T15:58:22 IST" duration-ms="2849" status="PASS">
          <reporter-output>
          </reporter-output>
        </test-method> <!-- create -->
      </class> <!-- crudoperationswithoutBDD.createproj -->
    </test> <!-- Default test -->
  </suite> <!-- Default suite -->
</testng-results>
