<?xml version="1.0" encoding="UTF-8"?>
<testng-results ignored="0" total="1" passed="1" failed="0" skipped="0">
  <reporter-output>
  </reporter-output>
  <suite started-at="2023-05-09T14:25:02 IST" name="Default suite" finished-at="2023-05-09T14:26:10 IST" duration-ms="67235">
    <groups>
    </groups>
    <test started-at="2023-05-09T14:25:02 IST" name="Default test" finished-at="2023-05-09T14:26:10 IST" duration-ms="67235">
      <class name="crudoperationdBDD.Reqres">
        <test-method signature="req()[pri:0, instance:crudoperationdBDD.Reqres@212b5695]" started-at="2023-05-09T14:25:02 IST" name="req" finished-at="2023-05-09T14:26:10 IST" duration-ms="67169" status="PASS">
          <reporter-output>
          </reporter-output>
        </test-method> <!-- req -->
      </class> <!-- crudoperationdBDD.Reqres -->
    </test> <!-- Default test -->
  </suite> <!-- Default suite -->
</testng-results>
